已經開始建置於 2014/10/16 上午 03:29:55。
     1>節點 2 (Build 目標) 上的專案 "C:\Users\Administrator\Documents\GitHub\Ultimate-Shooting-Flappy-Bird\2D_game\2D_game.vcxproj"。
     1>ClCompile:
         C:\Program Files (x86)\Microsoft Visual Studio 12.0\VC\bin\CL.exe /c /ZI /nologo /W3 /WX- /sdl /Od /Oy- /D WIN32 /D _DEBUG /D _CONSOLE /D _LIB /D _CRT_SECURE_NO_WARNINGS /D _UNICODE /D UNICODE /Gm /EHsc /RTC1 /MDd /GS /fp:precise /Zc:wchar_t /Zc:forScope /Fo"Debug\\" /Fd"Debug\vc120.pdb" /Gd /TP /analyze- /errorReport:prompt Main.cpp
         Main.cpp
     1>c:\users\administrator\documents\github\ultimate-shooting-flappy-bird\2d_game\main.cpp(209): warning C4018: '<' : signed/unsigned 不相符
     1>c:\users\administrator\documents\github\ultimate-shooting-flappy-bird\2d_game\main.cpp(214): warning C4018: '<' : signed/unsigned 不相符
     1>c:\users\administrator\documents\github\ultimate-shooting-flappy-bird\2d_game\main.cpp(220): warning C4018: '<' : signed/unsigned 不相符
     1>c:\users\administrator\documents\github\ultimate-shooting-flappy-bird\2d_game\main.cpp(225): warning C4018: '<' : signed/unsigned 不相符
     1>c:\users\administrator\documents\github\ultimate-shooting-flappy-bird\2d_game\main.cpp(242): warning C4018: '<' : signed/unsigned 不相符
     1>c:\users\administrator\documents\github\ultimate-shooting-flappy-bird\2d_game\main.cpp(252): warning C4018: '<' : signed/unsigned 不相符
       Link:
         C:\Program Files (x86)\Microsoft Visual Studio 12.0\VC\bin\link.exe /ERRORREPORT:PROMPT /OUT:"C:\Users\Administrator\Documents\GitHub\Ultimate-Shooting-Flappy-Bird\Debug\2D_game.exe" /INCREMENTAL /NOLOGO kernel32.lib user32.lib gdi32.lib winspool.lib comdlg32.lib advapi32.lib shell32.lib ole32.lib oleaut32.lib uuid.lib odbc32.lib odbccp32.lib /MANIFEST /MANIFESTUAC:"level='asInvoker' uiAccess='false'" /manifest:embed /DEBUG /PDB:"C:\Users\Administrator\Documents\GitHub\Ultimate-Shooting-Flappy-Bird\Debug\2D_game.pdb" /SUBSYSTEM:CONSOLE /TLBID:1 /DYNAMICBASE /NXCOMPAT /IMPLIB:"C:\Users\Administrator\Documents\GitHub\Ultimate-Shooting-Flappy-Bird\Debug\2D_game.lib" /MACHINE:X86 Debug\Enemy.obj
         Debug\Main.obj
         Debug\RGBpixmap.obj
         Debug\Shield.obj
         2D_game.vcxproj -> C:\Users\Administrator\Documents\GitHub\Ultimate-Shooting-Flappy-Bird\Debug\2D_game.exe
     1>專案 "C:\Users\Administrator\Documents\GitHub\Ultimate-Shooting-Flappy-Bird\2D_game\2D_game.vcxproj" (Build 目標) 建置完成。

建置成功。

經過時間 00:00:01.13
